<?xml version="1.0" encoding="UTF-8"?>
<robot generator="Robot 6.0.1 (Python 3.10.6 on linux)" generated="20221207 10:09:22.153" rpa="false" schemaversion="3">
<suite id="s1" name="Inproceedings" source="/home/mfsimpan/ohtu/ohtugroup2/src/tests/inproceedings.robot">
<kw name="Open And Configure Browser" library="resource" type="SETUP">
<kw name="Open Browser" library="SeleniumLibrary">
<arg>browser=${BROWSER}</arg>
<doc>Opens a new browser instance to the optional ``url``.</doc>
<msg timestamp="20221207 10:09:22.270" level="INFO">Opening browser 'headlesschrome' to base url 'None'.</msg>
<status status="PASS" starttime="20221207 10:09:22.270" endtime="20221207 10:09:22.969"/>
</kw>
<kw name="Maximize Browser Window" library="SeleniumLibrary">
<doc>Maximizes current browser window.</doc>
<status status="PASS" starttime="20221207 10:09:22.969" endtime="20221207 10:09:23.074"/>
</kw>
<kw name="Set Selenium Speed" library="SeleniumLibrary">
<arg>${DELAY}</arg>
<doc>Sets the delay that is waited after each Selenium command.</doc>
<status status="PASS" starttime="20221207 10:09:23.074" endtime="20221207 10:09:23.075"/>
</kw>
<status status="PASS" starttime="20221207 10:09:22.270" endtime="20221207 10:09:23.075"/>
</kw>
<test id="s1-t1" name="Adding Inproceedings With Valid Everything" line="8">
<kw name="Go To Home Page" library="resource" type="SETUP">
<kw name="Go To" library="SeleniumLibrary">
<arg>${HOME URL}</arg>
<doc>Navigates the current browser window to the provided ``url``.</doc>
<msg timestamp="20221207 10:09:23.077" level="INFO">Opening url 'http://citecontroller.herokuapp.com/'</msg>
<status status="PASS" starttime="20221207 10:09:23.076" endtime="20221207 10:09:24.034"/>
</kw>
<status status="PASS" starttime="20221207 10:09:23.076" endtime="20221207 10:09:24.034"/>
</kw>
<kw name="Select Radio Button" library="SeleniumLibrary">
<arg>radiobutton</arg>
<arg>in_proceedings</arg>
<doc>Sets the radio button group ``group_name`` to ``value``.</doc>
<msg timestamp="20221207 10:09:24.035" level="INFO">Selecting 'in_proceedings' from radio button 'radiobutton'.</msg>
<status status="PASS" starttime="20221207 10:09:24.034" endtime="20221207 10:09:24.092"/>
</kw>
<kw name="Choose Type">
<kw name="Click Button" library="SeleniumLibrary">
<arg>choose type</arg>
<doc>Clicks the button identified by ``locator``.</doc>
<msg timestamp="20221207 10:09:24.094" level="INFO">Clicking button 'choose type'.</msg>
<status status="PASS" starttime="20221207 10:09:24.093" endtime="20221207 10:09:24.554"/>
</kw>
<status status="PASS" starttime="20221207 10:09:24.093" endtime="20221207 10:09:24.555"/>
</kw>
<kw name="Set Title">
<arg>inproceeding</arg>
<kw name="Input Text" library="SeleniumLibrary">
<arg>title</arg>
<arg>${title}</arg>
<doc>Types the given ``text`` into the text field identified by ``locator``.</doc>
<msg timestamp="20221207 10:09:24.557" level="INFO">Typing text 'inproceeding' into text field 'title'.</msg>
<status status="PASS" starttime="20221207 10:09:24.556" endtime="20221207 10:09:24.686"/>
</kw>
<status status="PASS" starttime="20221207 10:09:24.555" endtime="20221207 10:09:24.686"/>
</kw>
<kw name="Set Author">
<arg>Inproceedingin Kirjoittaja</arg>
<kw name="Input Text" library="SeleniumLibrary">
<arg>author</arg>
<arg>${author}</arg>
<doc>Types the given ``text`` into the text field identified by ``locator``.</doc>
<msg timestamp="20221207 10:09:24.688" level="INFO">Typing text 'Inproceedingin Kirjoittaja' into text field 'author'.</msg>
<status status="PASS" starttime="20221207 10:09:24.687" endtime="20221207 10:09:24.796"/>
</kw>
<status status="PASS" starttime="20221207 10:09:24.687" endtime="20221207 10:09:24.797"/>
</kw>
<kw name="Set Year">
<arg>2000</arg>
<kw name="Input Text" library="SeleniumLibrary">
<arg>year</arg>
<arg>${year}</arg>
<doc>Types the given ``text`` into the text field identified by ``locator``.</doc>
<msg timestamp="20221207 10:09:24.797" level="INFO">Typing text '2000' into text field 'year'.</msg>
<status status="PASS" starttime="20221207 10:09:24.797" endtime="20221207 10:09:24.875"/>
</kw>
<status status="PASS" starttime="20221207 10:09:24.797" endtime="20221207 10:09:24.876"/>
</kw>
<kw name="Set Booktitle">
<arg>booktitle</arg>
<kw name="Input Text" library="SeleniumLibrary">
<arg>booktitle</arg>
<arg>${booktitle}</arg>
<doc>Types the given ``text`` into the text field identified by ``locator``.</doc>
<msg timestamp="20221207 10:09:24.877" level="INFO">Typing text 'booktitle' into text field 'booktitle'.</msg>
<status status="PASS" starttime="20221207 10:09:24.876" endtime="20221207 10:09:24.976"/>
</kw>
<status status="PASS" starttime="20221207 10:09:24.876" endtime="20221207 10:09:24.976"/>
</kw>
<kw name="Submit Reference">
<kw name="Click Button" library="SeleniumLibrary">
<arg>Create source</arg>
<doc>Clicks the button identified by ``locator``.</doc>
<msg timestamp="20221207 10:09:24.978" level="INFO">Clicking button 'Create source'.</msg>
<status status="PASS" starttime="20221207 10:09:24.977" endtime="20221207 10:09:25.384"/>
</kw>
<status status="PASS" starttime="20221207 10:09:24.977" endtime="20221207 10:09:25.384"/>
</kw>
<kw name="Adding Should Succeed">
<kw name="Page Should Contain" library="SeleniumLibrary">
<arg>Inproceedings added</arg>
<doc>Verifies that current page contains ``text``.</doc>
<msg timestamp="20221207 10:09:25.405" level="INFO">Current page contains text 'Inproceedings added'.</msg>
<status status="PASS" starttime="20221207 10:09:25.385" endtime="20221207 10:09:25.406"/>
</kw>
<status status="PASS" starttime="20221207 10:09:25.385" endtime="20221207 10:09:25.406"/>
</kw>
<status status="PASS" starttime="20221207 10:09:23.075" endtime="20221207 10:09:25.406"/>
</test>
<test id="s1-t2" name="Adding Inproceedings Without Year" line="19">
<kw name="Go To Home Page" library="resource" type="SETUP">
<kw name="Go To" library="SeleniumLibrary">
<arg>${HOME URL}</arg>
<doc>Navigates the current browser window to the provided ``url``.</doc>
<msg timestamp="20221207 10:09:25.409" level="INFO">Opening url 'http://citecontroller.herokuapp.com/'</msg>
<status status="PASS" starttime="20221207 10:09:25.408" endtime="20221207 10:09:25.748"/>
</kw>
<status status="PASS" starttime="20221207 10:09:25.408" endtime="20221207 10:09:25.749"/>
</kw>
<kw name="Select Radio Button" library="SeleniumLibrary">
<arg>radiobutton</arg>
<arg>in_proceedings</arg>
<doc>Sets the radio button group ``group_name`` to ``value``.</doc>
<msg timestamp="20221207 10:09:25.749" level="INFO">Selecting 'in_proceedings' from radio button 'radiobutton'.</msg>
<status status="PASS" starttime="20221207 10:09:25.749" endtime="20221207 10:09:25.832"/>
</kw>
<kw name="Choose Type">
<kw name="Click Button" library="SeleniumLibrary">
<arg>choose type</arg>
<doc>Clicks the button identified by ``locator``.</doc>
<msg timestamp="20221207 10:09:25.833" level="INFO">Clicking button 'choose type'.</msg>
<status status="PASS" starttime="20221207 10:09:25.832" endtime="20221207 10:09:26.270"/>
</kw>
<status status="PASS" starttime="20221207 10:09:25.832" endtime="20221207 10:09:26.271"/>
</kw>
<kw name="Set Title">
<arg>inproceeding</arg>
<kw name="Input Text" library="SeleniumLibrary">
<arg>title</arg>
<arg>${title}</arg>
<doc>Types the given ``text`` into the text field identified by ``locator``.</doc>
<msg timestamp="20221207 10:09:26.272" level="INFO">Typing text 'inproceeding' into text field 'title'.</msg>
<status status="PASS" starttime="20221207 10:09:26.271" endtime="20221207 10:09:26.384"/>
</kw>
<status status="PASS" starttime="20221207 10:09:26.271" endtime="20221207 10:09:26.385"/>
</kw>
<kw name="Set Author">
<arg>Inproceedingin Kirjoittaja</arg>
<kw name="Input Text" library="SeleniumLibrary">
<arg>author</arg>
<arg>${author}</arg>
<doc>Types the given ``text`` into the text field identified by ``locator``.</doc>
<msg timestamp="20221207 10:09:26.386" level="INFO">Typing text 'Inproceedingin Kirjoittaja' into text field 'author'.</msg>
<status status="PASS" starttime="20221207 10:09:26.385" endtime="20221207 10:09:26.452"/>
</kw>
<status status="PASS" starttime="20221207 10:09:26.385" endtime="20221207 10:09:26.452"/>
</kw>
<kw name="Set Booktitle">
<arg>booktitle</arg>
<kw name="Input Text" library="SeleniumLibrary">
<arg>booktitle</arg>
<arg>${booktitle}</arg>
<doc>Types the given ``text`` into the text field identified by ``locator``.</doc>
<msg timestamp="20221207 10:09:26.453" level="INFO">Typing text 'booktitle' into text field 'booktitle'.</msg>
<status status="PASS" starttime="20221207 10:09:26.453" endtime="20221207 10:09:26.531"/>
</kw>
<status status="PASS" starttime="20221207 10:09:26.452" endtime="20221207 10:09:26.531"/>
</kw>
<kw name="Submit Reference">
<kw name="Click Button" library="SeleniumLibrary">
<arg>Create source</arg>
<doc>Clicks the button identified by ``locator``.</doc>
<msg timestamp="20221207 10:09:26.532" level="INFO">Clicking button 'Create source'.</msg>
<status status="PASS" starttime="20221207 10:09:26.532" endtime="20221207 10:09:26.929"/>
</kw>
<status status="PASS" starttime="20221207 10:09:26.531" endtime="20221207 10:09:26.930"/>
</kw>
<kw name="Adding Should Fail With Message">
<arg>All fields must have a value</arg>
<kw name="Page Should Contain" library="SeleniumLibrary">
<arg>${message}</arg>
<doc>Verifies that current page contains ``text``.</doc>
<msg timestamp="20221207 10:09:27.060" level="INFO" html="true">&lt;/td&gt;&lt;/tr&gt;&lt;tr&gt;&lt;td colspan="3"&gt;&lt;a href="selenium-screenshot-454.png"&gt;&lt;img src="selenium-screenshot-454.png" width="800px"&gt;&lt;/a&gt;</msg>
<msg timestamp="20221207 10:09:27.060" level="FAIL">Page should have contained text 'All fields must have a value' but did not.</msg>
<status status="FAIL" starttime="20221207 10:09:26.930" endtime="20221207 10:09:27.061"/>
</kw>
<status status="FAIL" starttime="20221207 10:09:26.930" endtime="20221207 10:09:27.061"/>
</kw>
<status status="FAIL" starttime="20221207 10:09:25.407" endtime="20221207 10:09:27.061">Page should have contained text 'All fields must have a value' but did not.</status>
</test>
<test id="s1-t3" name="Adding Inproceedings Without Title" line="28">
<kw name="Go To Home Page" library="resource" type="SETUP">
<kw name="Go To" library="SeleniumLibrary">
<arg>${HOME URL}</arg>
<doc>Navigates the current browser window to the provided ``url``.</doc>
<msg timestamp="20221207 10:09:27.063" level="INFO">Opening url 'http://citecontroller.herokuapp.com/'</msg>
<status status="PASS" starttime="20221207 10:09:27.063" endtime="20221207 10:09:27.507"/>
</kw>
<status status="PASS" starttime="20221207 10:09:27.062" endtime="20221207 10:09:27.507"/>
</kw>
<kw name="Select Radio Button" library="SeleniumLibrary">
<arg>radiobutton</arg>
<arg>in_proceedings</arg>
<doc>Sets the radio button group ``group_name`` to ``value``.</doc>
<msg timestamp="20221207 10:09:27.508" level="INFO">Selecting 'in_proceedings' from radio button 'radiobutton'.</msg>
<status status="PASS" starttime="20221207 10:09:27.507" endtime="20221207 10:09:27.589"/>
</kw>
<kw name="Choose Type">
<kw name="Click Button" library="SeleniumLibrary">
<arg>choose type</arg>
<doc>Clicks the button identified by ``locator``.</doc>
<msg timestamp="20221207 10:09:27.590" level="INFO">Clicking button 'choose type'.</msg>
<status status="PASS" starttime="20221207 10:09:27.590" endtime="20221207 10:09:28.099"/>
</kw>
<status status="PASS" starttime="20221207 10:09:27.589" endtime="20221207 10:09:28.100"/>
</kw>
<kw name="Set Author">
<arg>Inproceedingin Kirjoittaja</arg>
<kw name="Input Text" library="SeleniumLibrary">
<arg>author</arg>
<arg>${author}</arg>
<doc>Types the given ``text`` into the text field identified by ``locator``.</doc>
<msg timestamp="20221207 10:09:28.102" level="INFO">Typing text 'Inproceedingin Kirjoittaja' into text field 'author'.</msg>
<status status="PASS" starttime="20221207 10:09:28.101" endtime="20221207 10:09:28.228"/>
</kw>
<status status="PASS" starttime="20221207 10:09:28.100" endtime="20221207 10:09:28.228"/>
</kw>
<kw name="Set Year">
<arg>2000</arg>
<kw name="Input Text" library="SeleniumLibrary">
<arg>year</arg>
<arg>${year}</arg>
<doc>Types the given ``text`` into the text field identified by ``locator``.</doc>
<msg timestamp="20221207 10:09:28.229" level="INFO">Typing text '2000' into text field 'year'.</msg>
<status status="PASS" starttime="20221207 10:09:28.229" endtime="20221207 10:09:28.312"/>
</kw>
<status status="PASS" starttime="20221207 10:09:28.228" endtime="20221207 10:09:28.312"/>
</kw>
<kw name="Set Booktitle">
<arg>booktitle</arg>
<kw name="Input Text" library="SeleniumLibrary">
<arg>booktitle</arg>
<arg>${booktitle}</arg>
<doc>Types the given ``text`` into the text field identified by ``locator``.</doc>
<msg timestamp="20221207 10:09:28.314" level="INFO">Typing text 'booktitle' into text field 'booktitle'.</msg>
<status status="PASS" starttime="20221207 10:09:28.313" endtime="20221207 10:09:28.375"/>
</kw>
<status status="PASS" starttime="20221207 10:09:28.313" endtime="20221207 10:09:28.375"/>
</kw>
<kw name="Submit Reference">
<kw name="Click Button" library="SeleniumLibrary">
<arg>Create source</arg>
<doc>Clicks the button identified by ``locator``.</doc>
<msg timestamp="20221207 10:09:28.376" level="INFO">Clicking button 'Create source'.</msg>
<status status="PASS" starttime="20221207 10:09:28.376" endtime="20221207 10:09:28.747"/>
</kw>
<status status="PASS" starttime="20221207 10:09:28.376" endtime="20221207 10:09:28.748"/>
</kw>
<kw name="Adding Should Fail With Message">
<arg>All fields must have a value</arg>
<kw name="Page Should Contain" library="SeleniumLibrary">
<arg>${message}</arg>
<doc>Verifies that current page contains ``text``.</doc>
<msg timestamp="20221207 10:09:28.860" level="INFO" html="true">&lt;/td&gt;&lt;/tr&gt;&lt;tr&gt;&lt;td colspan="3"&gt;&lt;a href="selenium-screenshot-455.png"&gt;&lt;img src="selenium-screenshot-455.png" width="800px"&gt;&lt;/a&gt;</msg>
<msg timestamp="20221207 10:09:28.860" level="FAIL">Page should have contained text 'All fields must have a value' but did not.</msg>
<status status="FAIL" starttime="20221207 10:09:28.749" endtime="20221207 10:09:28.860"/>
</kw>
<status status="FAIL" starttime="20221207 10:09:28.748" endtime="20221207 10:09:28.860"/>
</kw>
<status status="FAIL" starttime="20221207 10:09:27.062" endtime="20221207 10:09:28.861">Page should have contained text 'All fields must have a value' but did not.</status>
</test>
<test id="s1-t4" name="Adding Inproceedings Without Author" line="37">
<kw name="Go To Home Page" library="resource" type="SETUP">
<kw name="Go To" library="SeleniumLibrary">
<arg>${HOME URL}</arg>
<doc>Navigates the current browser window to the provided ``url``.</doc>
<msg timestamp="20221207 10:09:28.862" level="INFO">Opening url 'http://citecontroller.herokuapp.com/'</msg>
<status status="PASS" starttime="20221207 10:09:28.862" endtime="20221207 10:09:29.202"/>
</kw>
<status status="PASS" starttime="20221207 10:09:28.862" endtime="20221207 10:09:29.202"/>
</kw>
<kw name="Select Radio Button" library="SeleniumLibrary">
<arg>radiobutton</arg>
<arg>in_proceedings</arg>
<doc>Sets the radio button group ``group_name`` to ``value``.</doc>
<msg timestamp="20221207 10:09:29.203" level="INFO">Selecting 'in_proceedings' from radio button 'radiobutton'.</msg>
<status status="PASS" starttime="20221207 10:09:29.202" endtime="20221207 10:09:29.290"/>
</kw>
<kw name="Choose Type">
<kw name="Click Button" library="SeleniumLibrary">
<arg>choose type</arg>
<doc>Clicks the button identified by ``locator``.</doc>
<msg timestamp="20221207 10:09:29.292" level="INFO">Clicking button 'choose type'.</msg>
<status status="PASS" starttime="20221207 10:09:29.291" endtime="20221207 10:09:29.755"/>
</kw>
<status status="PASS" starttime="20221207 10:09:29.291" endtime="20221207 10:09:29.755"/>
</kw>
<kw name="Set Title">
<arg>inproceeding</arg>
<kw name="Input Text" library="SeleniumLibrary">
<arg>title</arg>
<arg>${title}</arg>
<doc>Types the given ``text`` into the text field identified by ``locator``.</doc>
<msg timestamp="20221207 10:09:29.757" level="INFO">Typing text 'inproceeding' into text field 'title'.</msg>
<status status="PASS" starttime="20221207 10:09:29.756" endtime="20221207 10:09:29.869"/>
</kw>
<status status="PASS" starttime="20221207 10:09:29.755" endtime="20221207 10:09:29.869"/>
</kw>
<kw name="Set Year">
<arg>2000</arg>
<kw name="Input Text" library="SeleniumLibrary">
<arg>year</arg>
<arg>${year}</arg>
<doc>Types the given ``text`` into the text field identified by ``locator``.</doc>
<msg timestamp="20221207 10:09:29.870" level="INFO">Typing text '2000' into text field 'year'.</msg>
<status status="PASS" starttime="20221207 10:09:29.870" endtime="20221207 10:09:29.929"/>
</kw>
<status status="PASS" starttime="20221207 10:09:29.869" endtime="20221207 10:09:29.929"/>
</kw>
<kw name="Set Booktitle">
<arg>booktitle</arg>
<kw name="Input Text" library="SeleniumLibrary">
<arg>booktitle</arg>
<arg>${booktitle}</arg>
<doc>Types the given ``text`` into the text field identified by ``locator``.</doc>
<msg timestamp="20221207 10:09:29.930" level="INFO">Typing text 'booktitle' into text field 'booktitle'.</msg>
<status status="PASS" starttime="20221207 10:09:29.929" endtime="20221207 10:09:30.012"/>
</kw>
<status status="PASS" starttime="20221207 10:09:29.929" endtime="20221207 10:09:30.012"/>
</kw>
<kw name="Submit Reference">
<kw name="Click Button" library="SeleniumLibrary">
<arg>Create source</arg>
<doc>Clicks the button identified by ``locator``.</doc>
<msg timestamp="20221207 10:09:30.013" level="INFO">Clicking button 'Create source'.</msg>
<status status="PASS" starttime="20221207 10:09:30.013" endtime="20221207 10:09:30.406"/>
</kw>
<status status="PASS" starttime="20221207 10:09:30.012" endtime="20221207 10:09:30.406"/>
</kw>
<kw name="Adding Should Fail With Message">
<arg>First name and surname is required</arg>
<kw name="Page Should Contain" library="SeleniumLibrary">
<arg>${message}</arg>
<doc>Verifies that current page contains ``text``.</doc>
<msg timestamp="20221207 10:09:30.428" level="INFO">Current page contains text 'First name and surname is required'.</msg>
<status status="PASS" starttime="20221207 10:09:30.407" endtime="20221207 10:09:30.428"/>
</kw>
<status status="PASS" starttime="20221207 10:09:30.407" endtime="20221207 10:09:30.429"/>
</kw>
<status status="PASS" starttime="20221207 10:09:28.861" endtime="20221207 10:09:30.429"/>
</test>
<test id="s1-t5" name="Adding Inproceedings Without Booktitle" line="46">
<kw name="Go To Home Page" library="resource" type="SETUP">
<kw name="Go To" library="SeleniumLibrary">
<arg>${HOME URL}</arg>
<doc>Navigates the current browser window to the provided ``url``.</doc>
<msg timestamp="20221207 10:09:30.431" level="INFO">Opening url 'http://citecontroller.herokuapp.com/'</msg>
<status status="PASS" starttime="20221207 10:09:30.431" endtime="20221207 10:09:30.877"/>
</kw>
<status status="PASS" starttime="20221207 10:09:30.430" endtime="20221207 10:09:30.877"/>
</kw>
<kw name="Select Radio Button" library="SeleniumLibrary">
<arg>radiobutton</arg>
<arg>in_proceedings</arg>
<doc>Sets the radio button group ``group_name`` to ``value``.</doc>
<msg timestamp="20221207 10:09:30.878" level="INFO">Selecting 'in_proceedings' from radio button 'radiobutton'.</msg>
<status status="PASS" starttime="20221207 10:09:30.878" endtime="20221207 10:09:30.961"/>
</kw>
<kw name="Choose Type">
<kw name="Click Button" library="SeleniumLibrary">
<arg>choose type</arg>
<doc>Clicks the button identified by ``locator``.</doc>
<msg timestamp="20221207 10:09:30.962" level="INFO">Clicking button 'choose type'.</msg>
<status status="PASS" starttime="20221207 10:09:30.962" endtime="20221207 10:09:31.328"/>
</kw>
<status status="PASS" starttime="20221207 10:09:30.961" endtime="20221207 10:09:31.328"/>
</kw>
<kw name="Set Title">
<arg>Inproceeding</arg>
<kw name="Input Text" library="SeleniumLibrary">
<arg>title</arg>
<arg>${title}</arg>
<doc>Types the given ``text`` into the text field identified by ``locator``.</doc>
<msg timestamp="20221207 10:09:31.330" level="INFO">Typing text 'Inproceeding' into text field 'title'.</msg>
<status status="PASS" starttime="20221207 10:09:31.329" endtime="20221207 10:09:31.450"/>
</kw>
<status status="PASS" starttime="20221207 10:09:31.329" endtime="20221207 10:09:31.450"/>
</kw>
<kw name="Set Author">
<arg>Inproceedingin Kirjoittaja</arg>
<kw name="Input Text" library="SeleniumLibrary">
<arg>author</arg>
<arg>${author}</arg>
<doc>Types the given ``text`` into the text field identified by ``locator``.</doc>
<msg timestamp="20221207 10:09:31.452" level="INFO">Typing text 'Inproceedingin Kirjoittaja' into text field 'author'.</msg>
<status status="PASS" starttime="20221207 10:09:31.451" endtime="20221207 10:09:31.545"/>
</kw>
<status status="PASS" starttime="20221207 10:09:31.450" endtime="20221207 10:09:31.545"/>
</kw>
<kw name="Set Year">
<arg>2000</arg>
<kw name="Input Text" library="SeleniumLibrary">
<arg>year</arg>
<arg>${year}</arg>
<doc>Types the given ``text`` into the text field identified by ``locator``.</doc>
<msg timestamp="20221207 10:09:31.546" level="INFO">Typing text '2000' into text field 'year'.</msg>
<status status="PASS" starttime="20221207 10:09:31.546" endtime="20221207 10:09:31.622"/>
</kw>
<status status="PASS" starttime="20221207 10:09:31.546" endtime="20221207 10:09:31.622"/>
</kw>
<kw name="Submit Reference">
<kw name="Click Button" library="SeleniumLibrary">
<arg>Create source</arg>
<doc>Clicks the button identified by ``locator``.</doc>
<msg timestamp="20221207 10:09:31.624" level="INFO">Clicking button 'Create source'.</msg>
<status status="PASS" starttime="20221207 10:09:31.623" endtime="20221207 10:09:32.107"/>
</kw>
<status status="PASS" starttime="20221207 10:09:31.623" endtime="20221207 10:09:32.107"/>
</kw>
<kw name="Adding Should Fail With Message">
<arg>In proceeding must have a booktitle</arg>
<kw name="Page Should Contain" library="SeleniumLibrary">
<arg>${message}</arg>
<doc>Verifies that current page contains ``text``.</doc>
<msg timestamp="20221207 10:09:32.223" level="INFO" html="true">&lt;/td&gt;&lt;/tr&gt;&lt;tr&gt;&lt;td colspan="3"&gt;&lt;a href="selenium-screenshot-456.png"&gt;&lt;img src="selenium-screenshot-456.png" width="800px"&gt;&lt;/a&gt;</msg>
<msg timestamp="20221207 10:09:32.223" level="FAIL">Page should have contained text 'In proceeding must have a booktitle' but did not.</msg>
<status status="FAIL" starttime="20221207 10:09:32.108" endtime="20221207 10:09:32.223"/>
</kw>
<status status="FAIL" starttime="20221207 10:09:32.107" endtime="20221207 10:09:32.223"/>
</kw>
<status status="FAIL" starttime="20221207 10:09:30.430" endtime="20221207 10:09:32.224">Page should have contained text 'In proceeding must have a booktitle' but did not.</status>
</test>
<test id="s1-t6" name="Adding Inproceedings With Invalid Year" line="56">
<kw name="Go To Home Page" library="resource" type="SETUP">
<kw name="Go To" library="SeleniumLibrary">
<arg>${HOME URL}</arg>
<doc>Navigates the current browser window to the provided ``url``.</doc>
<msg timestamp="20221207 10:09:32.225" level="INFO">Opening url 'http://citecontroller.herokuapp.com/'</msg>
<status status="PASS" starttime="20221207 10:09:32.225" endtime="20221207 10:09:32.616"/>
</kw>
<status status="PASS" starttime="20221207 10:09:32.224" endtime="20221207 10:09:32.617"/>
</kw>
<kw name="Select Radio Button" library="SeleniumLibrary">
<arg>radiobutton</arg>
<arg>in_proceedings</arg>
<doc>Sets the radio button group ``group_name`` to ``value``.</doc>
<msg timestamp="20221207 10:09:32.617" level="INFO">Selecting 'in_proceedings' from radio button 'radiobutton'.</msg>
<status status="PASS" starttime="20221207 10:09:32.617" endtime="20221207 10:09:32.707"/>
</kw>
<kw name="Choose Type">
<kw name="Click Button" library="SeleniumLibrary">
<arg>choose type</arg>
<doc>Clicks the button identified by ``locator``.</doc>
<msg timestamp="20221207 10:09:32.709" level="INFO">Clicking button 'choose type'.</msg>
<status status="PASS" starttime="20221207 10:09:32.708" endtime="20221207 10:09:33.110"/>
</kw>
<status status="PASS" starttime="20221207 10:09:32.707" endtime="20221207 10:09:33.110"/>
</kw>
<kw name="Set Title">
<arg>Inproceeding</arg>
<kw name="Input Text" library="SeleniumLibrary">
<arg>title</arg>
<arg>${title}</arg>
<doc>Types the given ``text`` into the text field identified by ``locator``.</doc>
<msg timestamp="20221207 10:09:33.112" level="INFO">Typing text 'Inproceeding' into text field 'title'.</msg>
<status status="PASS" starttime="20221207 10:09:33.111" endtime="20221207 10:09:33.236"/>
</kw>
<status status="PASS" starttime="20221207 10:09:33.111" endtime="20221207 10:09:33.237"/>
</kw>
<kw name="Set Author">
<arg>Inproceedingin Kirjoittaja</arg>
<kw name="Input Text" library="SeleniumLibrary">
<arg>author</arg>
<arg>${author}</arg>
<doc>Types the given ``text`` into the text field identified by ``locator``.</doc>
<msg timestamp="20221207 10:09:33.238" level="INFO">Typing text 'Inproceedingin Kirjoittaja' into text field 'author'.</msg>
<status status="PASS" starttime="20221207 10:09:33.237" endtime="20221207 10:09:33.335"/>
</kw>
<status status="PASS" starttime="20221207 10:09:33.237" endtime="20221207 10:09:33.335"/>
</kw>
<kw name="Set Year">
<arg>2</arg>
<kw name="Input Text" library="SeleniumLibrary">
<arg>year</arg>
<arg>${year}</arg>
<doc>Types the given ``text`` into the text field identified by ``locator``.</doc>
<msg timestamp="20221207 10:09:33.336" level="INFO">Typing text '2' into text field 'year'.</msg>
<status status="PASS" starttime="20221207 10:09:33.335" endtime="20221207 10:09:33.416"/>
</kw>
<status status="PASS" starttime="20221207 10:09:33.335" endtime="20221207 10:09:33.416"/>
</kw>
<kw name="Set Booktitle">
<arg>booktitle</arg>
<kw name="Input Text" library="SeleniumLibrary">
<arg>booktitle</arg>
<arg>${booktitle}</arg>
<doc>Types the given ``text`` into the text field identified by ``locator``.</doc>
<msg timestamp="20221207 10:09:33.418" level="INFO">Typing text 'booktitle' into text field 'booktitle'.</msg>
<status status="PASS" starttime="20221207 10:09:33.417" endtime="20221207 10:09:33.512"/>
</kw>
<status status="PASS" starttime="20221207 10:09:33.417" endtime="20221207 10:09:33.512"/>
</kw>
<kw name="Submit Reference">
<kw name="Click Button" library="SeleniumLibrary">
<arg>Create source</arg>
<doc>Clicks the button identified by ``locator``.</doc>
<msg timestamp="20221207 10:09:33.514" level="INFO">Clicking button 'Create source'.</msg>
<status status="PASS" starttime="20221207 10:09:33.513" endtime="20221207 10:09:33.930"/>
</kw>
<status status="PASS" starttime="20221207 10:09:33.513" endtime="20221207 10:09:33.930"/>
</kw>
<kw name="Adding Should Fail With Message">
<arg>Given year is not in range [500, 2027]</arg>
<kw name="Page Should Contain" library="SeleniumLibrary">
<arg>${message}</arg>
<doc>Verifies that current page contains ``text``.</doc>
<msg timestamp="20221207 10:09:33.952" level="INFO">Current page contains text 'Given year is not in range [500, 2027]'.</msg>
<status status="PASS" starttime="20221207 10:09:33.931" endtime="20221207 10:09:33.952"/>
</kw>
<status status="PASS" starttime="20221207 10:09:33.930" endtime="20221207 10:09:33.952"/>
</kw>
<status status="PASS" starttime="20221207 10:09:32.224" endtime="20221207 10:09:33.953"/>
</test>
<test id="s1-t7" name="Adding Inproceedings With Invalid Author" line="76">
<kw name="Go To Home Page" library="resource" type="SETUP">
<kw name="Go To" library="SeleniumLibrary">
<arg>${HOME URL}</arg>
<doc>Navigates the current browser window to the provided ``url``.</doc>
<msg timestamp="20221207 10:09:33.955" level="INFO">Opening url 'http://citecontroller.herokuapp.com/'</msg>
<status status="PASS" starttime="20221207 10:09:33.955" endtime="20221207 10:09:34.355"/>
</kw>
<status status="PASS" starttime="20221207 10:09:33.954" endtime="20221207 10:09:34.355"/>
</kw>
<kw name="Select Radio Button" library="SeleniumLibrary">
<arg>radiobutton</arg>
<arg>in_proceedings</arg>
<doc>Sets the radio button group ``group_name`` to ``value``.</doc>
<msg timestamp="20221207 10:09:34.356" level="INFO">Selecting 'in_proceedings' from radio button 'radiobutton'.</msg>
<status status="PASS" starttime="20221207 10:09:34.356" endtime="20221207 10:09:34.442"/>
</kw>
<kw name="Choose Type">
<kw name="Click Button" library="SeleniumLibrary">
<arg>choose type</arg>
<doc>Clicks the button identified by ``locator``.</doc>
<msg timestamp="20221207 10:09:34.443" level="INFO">Clicking button 'choose type'.</msg>
<status status="PASS" starttime="20221207 10:09:34.443" endtime="20221207 10:09:34.859"/>
</kw>
<status status="PASS" starttime="20221207 10:09:34.442" endtime="20221207 10:09:34.859"/>
</kw>
<kw name="Set Title">
<arg>Inproceeding</arg>
<kw name="Input Text" library="SeleniumLibrary">
<arg>title</arg>
<arg>${title}</arg>
<doc>Types the given ``text`` into the text field identified by ``locator``.</doc>
<msg timestamp="20221207 10:09:34.861" level="INFO">Typing text 'Inproceeding' into text field 'title'.</msg>
<status status="PASS" starttime="20221207 10:09:34.860" endtime="20221207 10:09:34.979"/>
</kw>
<status status="PASS" starttime="20221207 10:09:34.859" endtime="20221207 10:09:34.980"/>
</kw>
<kw name="Set Author">
<arg>Author</arg>
<kw name="Input Text" library="SeleniumLibrary">
<arg>author</arg>
<arg>${author}</arg>
<doc>Types the given ``text`` into the text field identified by ``locator``.</doc>
<msg timestamp="20221207 10:09:34.981" level="INFO">Typing text 'Author' into text field 'author'.</msg>
<status status="PASS" starttime="20221207 10:09:34.981" endtime="20221207 10:09:35.052"/>
</kw>
<status status="PASS" starttime="20221207 10:09:34.980" endtime="20221207 10:09:35.052"/>
</kw>
<kw name="Set Year">
<arg>2000</arg>
<kw name="Input Text" library="SeleniumLibrary">
<arg>year</arg>
<arg>${year}</arg>
<doc>Types the given ``text`` into the text field identified by ``locator``.</doc>
<msg timestamp="20221207 10:09:35.053" level="INFO">Typing text '2000' into text field 'year'.</msg>
<status status="PASS" starttime="20221207 10:09:35.053" endtime="20221207 10:09:35.145"/>
</kw>
<status status="PASS" starttime="20221207 10:09:35.052" endtime="20221207 10:09:35.146"/>
</kw>
<kw name="Set Booktitle">
<arg>booktitle</arg>
<kw name="Input Text" library="SeleniumLibrary">
<arg>booktitle</arg>
<arg>${booktitle}</arg>
<doc>Types the given ``text`` into the text field identified by ``locator``.</doc>
<msg timestamp="20221207 10:09:35.147" level="INFO">Typing text 'booktitle' into text field 'booktitle'.</msg>
<status status="PASS" starttime="20221207 10:09:35.146" endtime="20221207 10:09:35.244"/>
</kw>
<status status="PASS" starttime="20221207 10:09:35.146" endtime="20221207 10:09:35.244"/>
</kw>
<kw name="Submit Reference">
<kw name="Click Button" library="SeleniumLibrary">
<arg>Create source</arg>
<doc>Clicks the button identified by ``locator``.</doc>
<msg timestamp="20221207 10:09:35.245" level="INFO">Clicking button 'Create source'.</msg>
<status status="PASS" starttime="20221207 10:09:35.245" endtime="20221207 10:09:35.650"/>
</kw>
<status status="PASS" starttime="20221207 10:09:35.244" endtime="20221207 10:09:35.650"/>
</kw>
<kw name="Adding Should Fail With Message">
<arg>First name and surname is required</arg>
<kw name="Page Should Contain" library="SeleniumLibrary">
<arg>${message}</arg>
<doc>Verifies that current page contains ``text``.</doc>
<msg timestamp="20221207 10:09:35.665" level="INFO">Current page contains text 'First name and surname is required'.</msg>
<status status="PASS" starttime="20221207 10:09:35.651" endtime="20221207 10:09:35.665"/>
</kw>
<status status="PASS" starttime="20221207 10:09:35.650" endtime="20221207 10:09:35.665"/>
</kw>
<status status="PASS" starttime="20221207 10:09:33.953" endtime="20221207 10:09:35.666"/>
</test>
<kw name="Close Browser" library="SeleniumLibrary" type="TEARDOWN">
<doc>Closes the current browser.</doc>
<status status="PASS" starttime="20221207 10:09:35.667" endtime="20221207 10:09:35.727"/>
</kw>
<status status="FAIL" starttime="20221207 10:09:22.154" endtime="20221207 10:09:35.727"/>
</suite>
<statistics>
<total>
<stat pass="4" fail="3" skip="0">All Tests</stat>
</total>
<tag>
</tag>
<suite>
<stat pass="4" fail="3" skip="0" id="s1" name="Inproceedings">Inproceedings</stat>
</suite>
</statistics>
<errors>
</errors>
</robot>
